[2018-09-28 10:54:31,205] ERROR {io.fabric8.docker.client.Config} - Could not load docker config file from /home/andrea/.docker/config.json 
java.io.FileNotFoundException: /home/andrea/.docker/config.json (Permission denied)
	at java.io.FileInputStream.open0(Native Method)
	at java.io.FileInputStream.open(FileInputStream.java:195)
	at java.io.FileInputStream.<init>(FileInputStream.java:138)
	at com.fasterxml.jackson.core.JsonFactory.createParser(JsonFactory.java:773)
	at com.fasterxml.jackson.databind.ObjectMapper.readValue(ObjectMapper.java:2890)
	at io.fabric8.docker.client.Config.tryDockerConfig(Config.java:223)
	at io.fabric8.docker.client.Config.<init>(Config.java:119)
	at io.fabric8.docker.client.ConfigBuilder.<init>(ConfigBuilder.java:16)
	at io.fabric8.docker.client.ConfigBuilder.<init>(ConfigBuilder.java:13)
	at org.ballerinax.docker.DockerArtifactHandler.buildImage(DockerArtifactHandler.java:85)
	at org.ballerinax.docker.DockerAnnotationProcessor.createDockerArtifacts(DockerAnnotationProcessor.java:229)
	at org.ballerinax.docker.DockerAnnotationProcessor.processDockerModel(DockerAnnotationProcessor.java:88)
	at org.ballerinax.docker.DockerPlugin.codeGenerated(DockerPlugin.java:153)
	at org.wso2.ballerinalang.compiler.BinaryFileWriter.lambda$writeExecutableBinary$51(BinaryFileWriter.java:121)
	at java.lang.Iterable.forEach(Iterable.java:75)
	at org.wso2.ballerinalang.compiler.BinaryFileWriter.writeExecutableBinary(BinaryFileWriter.java:120)
	at org.wso2.ballerinalang.compiler.BinaryFileWriter.write(BinaryFileWriter.java:95)
	at org.wso2.ballerinalang.compiler.Compiler.write(Compiler.java:111)
	at org.ballerinalang.packerina.BuilderUtils.compileWithTestsAndWrite(BuilderUtils.java:70)
	at org.ballerinalang.packerina.cmd.BuildCommand.execute(BuildCommand.java:97)
	at java.util.Optional.ifPresent(Optional.java:159)
	at org.ballerinalang.launcher.Main.main(Main.java:66)
 
[2018-09-28 10:54:31,210] ERROR {io.fabric8.docker.client.Config} - Could not load docker config file from /home/andrea/.docker/config.json 
java.io.FileNotFoundException: /home/andrea/.docker/config.json (Permission denied)
	at java.io.FileInputStream.open0(Native Method)
	at java.io.FileInputStream.open(FileInputStream.java:195)
	at java.io.FileInputStream.<init>(FileInputStream.java:138)
	at com.fasterxml.jackson.core.JsonFactory.createParser(JsonFactory.java:773)
	at com.fasterxml.jackson.databind.ObjectMapper.readValue(ObjectMapper.java:2890)
	at io.fabric8.docker.client.Config.tryDockerConfig(Config.java:223)
	at io.fabric8.docker.client.Config.<init>(Config.java:119)
	at io.fabric8.docker.client.Config.<init>(Config.java:125)
	at io.fabric8.docker.client.EditableConfig.<init>(EditableConfig.java:15)
	at io.fabric8.docker.client.ConfigBuilder.build(ConfigBuilder.java:86)
	at org.ballerinax.docker.DockerArtifactHandler.buildImage(DockerArtifactHandler.java:87)
	at org.ballerinax.docker.DockerAnnotationProcessor.createDockerArtifacts(DockerAnnotationProcessor.java:229)
	at org.ballerinax.docker.DockerAnnotationProcessor.processDockerModel(DockerAnnotationProcessor.java:88)
	at org.ballerinax.docker.DockerPlugin.codeGenerated(DockerPlugin.java:153)
	at org.wso2.ballerinalang.compiler.BinaryFileWriter.lambda$writeExecutableBinary$51(BinaryFileWriter.java:121)
	at java.lang.Iterable.forEach(Iterable.java:75)
	at org.wso2.ballerinalang.compiler.BinaryFileWriter.writeExecutableBinary(BinaryFileWriter.java:120)
	at org.wso2.ballerinalang.compiler.BinaryFileWriter.write(BinaryFileWriter.java:95)
	at org.wso2.ballerinalang.compiler.Compiler.write(Compiler.java:111)
	at org.ballerinalang.packerina.BuilderUtils.compileWithTestsAndWrite(BuilderUtils.java:70)
	at org.ballerinalang.packerina.cmd.BuildCommand.execute(BuildCommand.java:97)
	at java.util.Optional.ifPresent(Optional.java:159)
	at org.ballerinalang.launcher.Main.main(Main.java:66)
 
